<?xml version="1.0" encoding="UTF-8"?>
<!-- Generated by org.testng.reporters.JUnitReportReporter -->
<testsuite hostname="DESKTOP-5CJ1P84" failures="0" tests="1" name="Com.Marcuri.Marcuri_loging_page" time="2.274" errors="0" timestamp="2023-08-03T13:30:28 IST" skipped="0">
  <testcase classname="Com.Marcuri.Marcuri_loging_page" name="f" time="2.274"/>
  <system-out/>
</testsuite> <!-- Com.Marcuri.Marcuri_loging_page -->
