<?xml version="1.0" encoding="UTF-8"?>
<!-- Generated by org.testng.reporters.JUnitReportReporter -->
<testsuite hostname="DESKTOP-5CJ1P84" failures="0" tests="1" name="Com.Marcuri.Marcuri_Registration_page" time="4.086" errors="0" timestamp="2023-08-22T17:06:31 IST" skipped="0">
  <testcase classname="Com.Marcuri.Marcuri_Registration_page" name="f" time="4.086"/>
  <system-out/>
</testsuite> <!-- Com.Marcuri.Marcuri_Registration_page -->
